Table tbl2_project2_day created successfully
---------------------------------------------------------------------------------------------------
Day_3.csv loaded to table successfully
---------------------------------------------------------------------------------------------------
Data ingested to HDFS /user/saif/project2/Input/tbl2_project2_day successfully
---------------------------------------------------------------------------------------------------
Table mngtbl already existed
---------------------------------------------------------------------------------------------------
Data loaded to hive managed table successfully
---------------------------------------------------------------------------------------------------
Table scdtbl already existed
---------------------------------------------------------------------------------------------------
Data inserted to hive SCD table successfully
---------------------------------------------------------------------------------------------------
Table stgtbl already existed
---------------------------------------------------------------------------------------------------
Data inserted to hive Staging table successfully
---------------------------------------------------------------------------------------------------
Table Reconciliation created successfully
---------------------------------------------------------------------------------------------------
Data exported to rectbl table  in SQL successfully
---------------------------------------------------------------------------------------------------
count(custid) 0
Equal no.of records
