Table already existed
---------------------------------------------------------------------------------------------------
sqoop.pwd loading failed
---------------------------------------------------------------------------------------------------
Data ingested to HDFS /user/saif/project1/Input/tbl_project1_day successfully
---------------------------------------------------------------------------------------------------
Table mngtbl already existed
---------------------------------------------------------------------------------------------------
Data loaded to hive managed table successfully
---------------------------------------------------------------------------------------------------
Table scdtbl already existed
---------------------------------------------------------------------------------------------------
Data inserted to hive SCD table successfully
---------------------------------------------------------------------------------------------------
Table stgtbl already existed
---------------------------------------------------------------------------------------------------
Data inserted to hive Staging table successfully
---------------------------------------------------------------------------------------------------
Table Reconciliation already existed
---------------------------------------------------------------------------------------------------
Data exported to re_tbl table  in SQL successfully
---------------------------------------------------------------------------------------------------
count(custid) 1
Equal no.of records
